<?xml version="1.0" encoding="UTF-8"?>
<!-- Generated by org.testng.reporters.JUnitReportReporter -->
<testsuite hostname="LAPTOP-29QF1SRK" failures="0" tests="2" name="UI.sampleclass" time="0.010" errors="0" timestamp="2024-07-13T16:21:02 IST" skipped="0">
  <testcase classname="UI.sampleclass" name="test2" time="0.002"/>
  <testcase classname="UI.sampleclass" name="test1" time="0.008"/>
</testsuite> <!-- UI.sampleclass -->
